This file contains any messages produced by compilers while
running configure, to aid debugging if configure makes a mistake.

It was created by centre configure 0.1.1, which was
generated by GNU Autoconf 2.69.  Invocation command line was

  $ ./configure --enable-mpi --enable-full-info --prefix=/Users/delphicpp/git-repos-spanday/centre

## --------- ##
## Platform. ##
## --------- ##

hostname = Delphis-MBP
uname -m = x86_64
uname -r = 19.6.0
uname -s = Darwin
uname -v = Darwin Kernel Version 19.6.0: Thu Jun 18 20:49:00 PDT 2020; root:xnu-6153.141.1~1/RELEASE_X86_64

/usr/bin/uname -p = i386
/bin/uname -X     = unknown

/bin/arch              = unknown
/usr/bin/arch -k       = unknown
/usr/convex/getsysinfo = unknown
/usr/bin/hostinfo      = Mach kernel version:
	 Darwin Kernel Version 19.6.0: Thu Jun 18 20:49:00 PDT 2020; root:xnu-6153.141.1~1/RELEASE_X86_64
Kernel configured for up to 12 processors.
6 processors are physically available.
12 processors are logically available.
Processor type: x86_64h (Intel x86-64h Haswell)
Processors active: 0 1 2 3 4 5 6 7 8 9 10 11
Primary memory available: 16.00 gigabytes
Default processor set: 419 tasks, 2069 threads, 12 processors
Load average: 9.88, Mach factor: 4.94
/bin/machine           = unknown
/usr/bin/oslevel       = unknown
/bin/universe          = unknown

PATH: /Users/delphicpp/anaconda3/condabin
PATH: /opt/local/bin
PATH: /opt/local/sbin
PATH: /usr/local/bin
PATH: /usr/bin
PATH: /bin
PATH: /usr/sbin
PATH: /sbin
PATH: /Library/TeX/texbin
PATH: /opt/X11/bin
PATH: /Library/Apple/usr/bin


## ----------- ##
## Core tests. ##
## ----------- ##

configure:2152: checking build system type
configure:2166: result: x86_64-apple-darwin19.6.0
configure:2186: checking host system type
configure:2199: result: x86_64-apple-darwin19.6.0
configure:2305: checking whether to build with debug information
configure:2314: result: no
configure:2521: checking for C++ compiler version
configure:2530: mpic++ --version >&5
g++-9 (Homebrew GCC 9.3.0) 9.3.0
Copyright (C) 2019 Free Software Foundation, Inc.
This is free software; see the source for copying conditions.  There is NO
warranty; not even for MERCHANTABILITY or FITNESS FOR A PARTICULAR PURPOSE.

configure:2541: $? = 0
configure:2530: mpic++ -v >&5
Using built-in specs.
COLLECT_GCC=/usr/local/bin/g++-9
COLLECT_LTO_WRAPPER=/usr/local/Cellar/gcc@9/9.3.0/libexec/gcc/x86_64-apple-darwin19/9.3.0/lto-wrapper
Target: x86_64-apple-darwin19
Configured with: ../configure --build=x86_64-apple-darwin19 --prefix=/usr/local/Cellar/gcc@9/9.3.0 --libdir=/usr/local/Cellar/gcc@9/9.3.0/lib/gcc/9 --disable-nls --enable-checking=release --enable-languages=c,c++,objc,obj-c++,fortran --program-suffix=-9 --with-gmp=/usr/local/opt/gmp --with-mpfr=/usr/local/opt/mpfr --with-mpc=/usr/local/opt/libmpc --with-isl=/usr/local/opt/isl --with-system-zlib --with-pkgversion='Homebrew GCC 9.3.0' --with-bugurl=https://github.com/Homebrew/homebrew-core/issues --disable-multilib --with-native-system-header-dir=/usr/include --with-sysroot=/Library/Developer/CommandLineTools/SDKs/MacOSX10.15.sdk SED=/usr/bin/sed
Thread model: posix
gcc version 9.3.0 (Homebrew GCC 9.3.0) 
configure:2541: $? = 0
configure:2530: mpic++ -V >&5
g++-9: error: unrecognized command line option '-V'
g++-9: fatal error: no input files
compilation terminated.
configure:2541: $? = 1
configure:2530: mpic++ -qversion >&5
g++-9: error: unrecognized command line option '-qversion'; did you mean '--version'?
g++-9: fatal error: no input files
compilation terminated.
configure:2541: $? = 1
configure:2561: checking whether the C++ compiler works
configure:2583: mpic++  -I/usr/local/include -Ofast -fmessage-length=0 -fopenmp -MMD -fPIC    -L/usr/local/lib conftest.cpp -lnetcdf  >&5
configure:2587: $? = 0
configure:2635: result: yes
configure:2638: checking for C++ compiler default output file name
configure:2640: result: a.out
configure:2646: checking for suffix of executables
configure:2653: mpic++ -o conftest  -I/usr/local/include -Ofast -fmessage-length=0 -fopenmp -MMD -fPIC    -L/usr/local/lib conftest.cpp -lnetcdf  >&5
configure:2657: $? = 0
configure:2679: result: 
configure:2701: checking whether we are cross compiling
configure:2709: mpic++ -o conftest  -I/usr/local/include -Ofast -fmessage-length=0 -fopenmp -MMD -fPIC    -L/usr/local/lib conftest.cpp -lnetcdf  >&5
configure:2713: $? = 0
configure:2720: ./conftest
configure:2724: $? = 0
configure:2739: result: no
configure:2744: checking for suffix of object files
configure:2766: mpic++ -c  -I/usr/local/include -Ofast -fmessage-length=0 -fopenmp -MMD -fPIC   conftest.cpp >&5
configure:2770: $? = 0
configure:2791: result: o
configure:2795: checking whether we are using the GNU C++ compiler
configure:2814: mpic++ -c  -I/usr/local/include -Ofast -fmessage-length=0 -fopenmp -MMD -fPIC   conftest.cpp >&5
configure:2814: $? = 0
configure:2823: result: yes
configure:2832: checking whether mpic++ accepts -g
configure:2852: mpic++ -c -g  conftest.cpp >&5
configure:2852: $? = 0
configure:2893: result: yes
configure:2935: checking whether mpic++ supports C++11 features with -std=gnu++11
configure:3231: mpic++ -std=gnu++11 -c  -I/usr/local/include -Ofast -fmessage-length=0 -fopenmp -MMD -fPIC   conftest.cpp >&5
configure:3231: $? = 0
configure:3240: result: yes
configure:3609: checking for mpic++ -std=gnu++11 option to support OpenMP
configure:3624: mpic++ -std=gnu++11 -o conftest  -I/usr/local/include -Ofast -fmessage-length=0 -fopenmp -MMD -fPIC    -L/usr/local/lib conftest.cpp -lnetcdf  >&5
configure:3624: $? = 0
configure:3656: result: none needed
configure:3687: checking for a BSD-compatible install
configure:3755: result: /usr/bin/install -c
configure:3766: checking whether build environment is sane
configure:3821: result: yes
configure:3972: checking for a thread-safe mkdir -p
configure:4011: result: build-aux/install-sh -c -d
configure:4018: checking for gawk
configure:4048: result: no
configure:4018: checking for mawk
configure:4048: result: no
configure:4018: checking for nawk
configure:4048: result: no
configure:4018: checking for awk
configure:4034: found /usr/local/bin/awk
configure:4045: result: awk
configure:4056: checking whether make sets $(MAKE)
configure:4078: result: yes
configure:4100: checking whether make supports the include directive
configure:4115: make -f confmf.GNU && cat confinc.out
this is the am__doit target
configure:4118: $? = 0
configure:4137: result: yes (GNU style)
configure:4170: checking whether make supports nested variables
configure:4187: result: yes
configure:4272: checking dependency style of mpic++ -std=gnu++11
configure:4383: result: gcc3
configure:4450: checking how to run the C++ preprocessor
configure:4477: mpic++ -std=gnu++11 -E  conftest.cpp
configure:4477: $? = 0
configure:4491: mpic++ -std=gnu++11 -E  conftest.cpp
conftest.cpp:16:10: fatal error: ac_nonexistent.h: No such file or directory
   16 | #include <ac_nonexistent.h>
      |          ^~~~~~~~~~~~~~~~~~
compilation terminated.
configure:4491: $? = 1
configure: failed program was:
| /* confdefs.h */
| #define PACKAGE_NAME "centre"
| #define PACKAGE_TARNAME "centre"
| #define PACKAGE_VERSION "0.1.1"
| #define PACKAGE_STRING "centre 0.1.1"
| #define PACKAGE_BUGREPORT "shaileshp51@gmail.com"
| #define PACKAGE_URL ""
| #define OS_IS_OSX 1
| #define NDEBUG /**/
| #define DETAILED_TIMING 1
| #define USE_OMPMPI 1
| #define HAVE_CXX11 1
| #define PACKAGE "centre"
| #define VERSION "0.1.1"
| /* end confdefs.h.  */
| #include <ac_nonexistent.h>
configure:4516: result: mpic++ -std=gnu++11 -E
configure:4536: mpic++ -std=gnu++11 -E  conftest.cpp
configure:4536: $? = 0
configure:4550: mpic++ -std=gnu++11 -E  conftest.cpp
conftest.cpp:16:10: fatal error: ac_nonexistent.h: No such file or directory
   16 | #include <ac_nonexistent.h>
      |          ^~~~~~~~~~~~~~~~~~
compilation terminated.
configure:4550: $? = 1
configure: failed program was:
| /* confdefs.h */
| #define PACKAGE_NAME "centre"
| #define PACKAGE_TARNAME "centre"
| #define PACKAGE_VERSION "0.1.1"
| #define PACKAGE_STRING "centre 0.1.1"
| #define PACKAGE_BUGREPORT "shaileshp51@gmail.com"
| #define PACKAGE_URL ""
| #define OS_IS_OSX 1
| #define NDEBUG /**/
| #define DETAILED_TIMING 1
| #define USE_OMPMPI 1
| #define HAVE_CXX11 1
| #define PACKAGE "centre"
| #define VERSION "0.1.1"
| /* end confdefs.h.  */
| #include <ac_nonexistent.h>
configure:4579: checking for grep that handles long lines and -e
configure:4637: result: /usr/local/bin/ggrep
configure:4642: checking for egrep
configure:4704: result: /usr/local/bin/ggrep -E
configure:4709: checking for ANSI C header files
configure:4729: mpic++ -std=gnu++11 -c  -I/usr/local/include -Ofast -fmessage-length=0 -fopenmp -MMD -fPIC   conftest.cpp >&5
configure:4729: $? = 0
configure:4802: mpic++ -std=gnu++11 -o conftest  -I/usr/local/include -Ofast -fmessage-length=0 -fopenmp -MMD -fPIC    -L/usr/local/lib conftest.cpp -lnetcdf  >&5
configure:4802: $? = 0
configure:4802: ./conftest
configure:4802: $? = 0
configure:4813: result: yes
configure:4826: checking for sys/types.h
configure:4826: mpic++ -std=gnu++11 -c  -I/usr/local/include -Ofast -fmessage-length=0 -fopenmp -MMD -fPIC   conftest.cpp >&5
configure:4826: $? = 0
configure:4826: result: yes
configure:4826: checking for sys/stat.h
configure:4826: mpic++ -std=gnu++11 -c  -I/usr/local/include -Ofast -fmessage-length=0 -fopenmp -MMD -fPIC   conftest.cpp >&5
configure:4826: $? = 0
configure:4826: result: yes
configure:4826: checking for stdlib.h
configure:4826: mpic++ -std=gnu++11 -c  -I/usr/local/include -Ofast -fmessage-length=0 -fopenmp -MMD -fPIC   conftest.cpp >&5
configure:4826: $? = 0
configure:4826: result: yes
configure:4826: checking for string.h
configure:4826: mpic++ -std=gnu++11 -c  -I/usr/local/include -Ofast -fmessage-length=0 -fopenmp -MMD -fPIC   conftest.cpp >&5
configure:4826: $? = 0
configure:4826: result: yes
configure:4826: checking for memory.h
configure:4826: mpic++ -std=gnu++11 -c  -I/usr/local/include -Ofast -fmessage-length=0 -fopenmp -MMD -fPIC   conftest.cpp >&5
configure:4826: $? = 0
configure:4826: result: yes
configure:4826: checking for strings.h
configure:4826: mpic++ -std=gnu++11 -c  -I/usr/local/include -Ofast -fmessage-length=0 -fopenmp -MMD -fPIC   conftest.cpp >&5
configure:4826: $? = 0
configure:4826: result: yes
configure:4826: checking for inttypes.h
configure:4826: mpic++ -std=gnu++11 -c  -I/usr/local/include -Ofast -fmessage-length=0 -fopenmp -MMD -fPIC   conftest.cpp >&5
configure:4826: $? = 0
configure:4826: result: yes
configure:4826: checking for stdint.h
configure:4826: mpic++ -std=gnu++11 -c  -I/usr/local/include -Ofast -fmessage-length=0 -fopenmp -MMD -fPIC   conftest.cpp >&5
configure:4826: $? = 0
configure:4826: result: yes
configure:4826: checking for unistd.h
configure:4826: mpic++ -std=gnu++11 -c  -I/usr/local/include -Ofast -fmessage-length=0 -fopenmp -MMD -fPIC   conftest.cpp >&5
configure:4826: $? = 0
configure:4826: result: yes
configure:4841: checking mpi.h usability
configure:4841: mpic++ -std=gnu++11 -c  -I/usr/local/include -Ofast -fmessage-length=0 -fopenmp -MMD -fPIC   conftest.cpp >&5
configure:4841: $? = 0
configure:4841: result: yes
configure:4841: checking mpi.h presence
configure:4841: mpic++ -std=gnu++11 -E  conftest.cpp
configure:4841: $? = 0
configure:4841: result: yes
configure:4841: checking for mpi.h
configure:4841: result: yes
configure:4860: checking netcdf.h usability
configure:4860: mpic++ -std=gnu++11 -c  -I/usr/local/include -Ofast -fmessage-length=0 -fopenmp -MMD -fPIC   conftest.cpp >&5
configure:4860: $? = 0
configure:4860: result: yes
configure:4860: checking netcdf.h presence
configure:4860: mpic++ -std=gnu++11 -E  conftest.cpp
conftest.cpp:27:10: fatal error: netcdf.h: No such file or directory
   27 | #include <netcdf.h>
      |          ^~~~~~~~~~
compilation terminated.
configure:4860: $? = 1
configure: failed program was:
| /* confdefs.h */
| #define PACKAGE_NAME "centre"
| #define PACKAGE_TARNAME "centre"
| #define PACKAGE_VERSION "0.1.1"
| #define PACKAGE_STRING "centre 0.1.1"
| #define PACKAGE_BUGREPORT "shaileshp51@gmail.com"
| #define PACKAGE_URL ""
| #define OS_IS_OSX 1
| #define NDEBUG /**/
| #define DETAILED_TIMING 1
| #define USE_OMPMPI 1
| #define HAVE_CXX11 1
| #define PACKAGE "centre"
| #define VERSION "0.1.1"
| #define STDC_HEADERS 1
| #define HAVE_SYS_TYPES_H 1
| #define HAVE_SYS_STAT_H 1
| #define HAVE_STDLIB_H 1
| #define HAVE_STRING_H 1
| #define HAVE_MEMORY_H 1
| #define HAVE_STRINGS_H 1
| #define HAVE_INTTYPES_H 1
| #define HAVE_STDINT_H 1
| #define HAVE_UNISTD_H 1
| #define HAVE_MPI_H 1
| /* end confdefs.h.  */
| #include <netcdf.h>
configure:4860: result: no
configure:4860: WARNING: netcdf.h: accepted by the compiler, rejected by the preprocessor!
configure:4860: WARNING: netcdf.h: proceeding with the compiler's result
configure:4860: checking for netcdf.h
configure:4860: result: yes
configure:4865: checking for nc_create in -lnetcdf
configure:4890: mpic++ -std=gnu++11 -o conftest  -I/usr/local/include -Ofast -fmessage-length=0 -fopenmp -MMD -fPIC    -L/usr/local/lib conftest.cpp -lnetcdf  -lnetcdf  >&5
configure:4890: $? = 0
configure:4899: result: yes
configure:5041: checking for C++ compiler version
configure:5050: mpic++ -std=gnu++11 --version >&5
g++-9 (Homebrew GCC 9.3.0) 9.3.0
Copyright (C) 2019 Free Software Foundation, Inc.
This is free software; see the source for copying conditions.  There is NO
warranty; not even for MERCHANTABILITY or FITNESS FOR A PARTICULAR PURPOSE.

configure:5061: $? = 0
configure:5050: mpic++ -std=gnu++11 -v >&5
Using built-in specs.
COLLECT_GCC=/usr/local/bin/g++-9
COLLECT_LTO_WRAPPER=/usr/local/Cellar/gcc@9/9.3.0/libexec/gcc/x86_64-apple-darwin19/9.3.0/lto-wrapper
Target: x86_64-apple-darwin19
Configured with: ../configure --build=x86_64-apple-darwin19 --prefix=/usr/local/Cellar/gcc@9/9.3.0 --libdir=/usr/local/Cellar/gcc@9/9.3.0/lib/gcc/9 --disable-nls --enable-checking=release --enable-languages=c,c++,objc,obj-c++,fortran --program-suffix=-9 --with-gmp=/usr/local/opt/gmp --with-mpfr=/usr/local/opt/mpfr --with-mpc=/usr/local/opt/libmpc --with-isl=/usr/local/opt/isl --with-system-zlib --with-pkgversion='Homebrew GCC 9.3.0' --with-bugurl=https://github.com/Homebrew/homebrew-core/issues --disable-multilib --with-native-system-header-dir=/usr/include --with-sysroot=/Library/Developer/CommandLineTools/SDKs/MacOSX10.15.sdk SED=/usr/bin/sed
Thread model: posix
gcc version 9.3.0 (Homebrew GCC 9.3.0) 
configure:5061: $? = 0
configure:5050: mpic++ -std=gnu++11 -V >&5
g++-9: error: unrecognized command line option '-V'
g++-9: fatal error: no input files
compilation terminated.
configure:5061: $? = 1
configure:5050: mpic++ -std=gnu++11 -qversion >&5
g++-9: error: unrecognized command line option '-qversion'; did you mean '--version'?
g++-9: fatal error: no input files
compilation terminated.
configure:5061: $? = 1
configure:5065: checking whether we are using the GNU C++ compiler
configure:5093: result: yes
configure:5102: checking whether mpic++ -std=gnu++11 accepts -g
configure:5163: result: yes
configure:5308: checking that generated files are newer than configure
configure:5314: result: done
configure:5337: creating ./config.status

## ---------------------- ##
## Running config.status. ##
## ---------------------- ##

This file was extended by centre config.status 0.1.1, which was
generated by GNU Autoconf 2.69.  Invocation command line was

  CONFIG_FILES    = 
  CONFIG_HEADERS  = 
  CONFIG_LINKS    = 
  CONFIG_COMMANDS = 
  $ ./config.status 

on Delphis-MBP

config.status:879: creating Makefile
config.status:879: creating src/Makefile
config.status:879: creating config.h
config.status:1060: config.h is unchanged
config.status:1108: executing depfiles commands
config.status:1185: cd src       && sed -e '/# am--include-marker/d' Makefile         | make -f - am--depfiles
make: Nothing to be done for `am--depfiles'.
config.status:1190: $? = 0

## ---------------- ##
## Cache variables. ##
## ---------------- ##

ac_cv_build=x86_64-apple-darwin19.6.0
ac_cv_cxx_compiler_gnu=yes
ac_cv_env_CCC_set=
ac_cv_env_CCC_value=
ac_cv_env_CPPFLAGS_set=
ac_cv_env_CPPFLAGS_value=
ac_cv_env_CXXCPP_set=
ac_cv_env_CXXCPP_value=
ac_cv_env_CXXFLAGS_set=
ac_cv_env_CXXFLAGS_value=
ac_cv_env_CXX_set=
ac_cv_env_CXX_value=
ac_cv_env_LDFLAGS_set=
ac_cv_env_LDFLAGS_value=
ac_cv_env_LIBS_set=
ac_cv_env_LIBS_value=
ac_cv_env_build_alias_set=
ac_cv_env_build_alias_value=
ac_cv_env_host_alias_set=
ac_cv_env_host_alias_value=
ac_cv_env_target_alias_set=
ac_cv_env_target_alias_value=
ac_cv_header_inttypes_h=yes
ac_cv_header_memory_h=yes
ac_cv_header_mpi_h=yes
ac_cv_header_netcdf_h=yes
ac_cv_header_stdc=yes
ac_cv_header_stdint_h=yes
ac_cv_header_stdlib_h=yes
ac_cv_header_string_h=yes
ac_cv_header_strings_h=yes
ac_cv_header_sys_stat_h=yes
ac_cv_header_sys_types_h=yes
ac_cv_header_unistd_h=yes
ac_cv_host=x86_64-apple-darwin19.6.0
ac_cv_lib_netcdf_nc_create=yes
ac_cv_objext=o
ac_cv_path_EGREP='/usr/local/bin/ggrep -E'
ac_cv_path_GREP=/usr/local/bin/ggrep
ac_cv_path_install='/usr/bin/install -c'
ac_cv_prog_AWK=awk
ac_cv_prog_CXXCPP='mpic++ -std=gnu++11 -E'
ac_cv_prog_cxx_g=yes
ac_cv_prog_cxx_openmp='none needed'
ac_cv_prog_make_make_set=yes
am_cv_CXX_dependencies_compiler_type=gcc3
am_cv_make_support_nested_variables=yes
ax_cv_cxx_compile_cxx11__std_gnupp11=yes

## ----------------- ##
## Output variables. ##
## ----------------- ##

ACLOCAL='${SHELL} /Users/delphicpp/git-repos-spanday/centre/build-aux/missing aclocal-1.16'
AMDEPBACKSLASH='\'
AMDEP_FALSE='#'
AMDEP_TRUE=''
AMTAR='$${TAR-tar}'
AM_BACKSLASH='\'
AM_CXXFLAGS='  -I/usr/local/include -Ofast -fmessage-length=0 -fopenmp -MMD -fPIC '
AM_DEFAULT_V='$(AM_DEFAULT_VERBOSITY)'
AM_DEFAULT_VERBOSITY='1'
AM_LDFLAGS=' -L/usr/local/lib'
AM_V='$(V)'
AUTOCONF='${SHELL} /Users/delphicpp/git-repos-spanday/centre/build-aux/missing autoconf'
AUTOHEADER='${SHELL} /Users/delphicpp/git-repos-spanday/centre/build-aux/missing autoheader'
AUTOMAKE='${SHELL} /Users/delphicpp/git-repos-spanday/centre/build-aux/missing automake-1.16'
AWK='awk'
CPPFLAGS=''
CXX='mpic++ -std=gnu++11'
CXXCPP='mpic++ -std=gnu++11 -E'
CXXDEPMODE='depmode=gcc3'
CXXFLAGS=' -I/usr/local/include -Ofast -fmessage-length=0 -fopenmp -MMD -fPIC '
CYGPATH_W='echo'
DEFS='-DHAVE_CONFIG_H'
DEPDIR='.deps'
ECHO_C='\c'
ECHO_N=''
ECHO_T=''
EGREP='/usr/local/bin/ggrep -E'
EXEEXT=''
GREP='/usr/local/bin/ggrep'
HAVE_CXX11='1'
INSTALL_DATA='${INSTALL} -m 644'
INSTALL_PROGRAM='${INSTALL}'
INSTALL_SCRIPT='${INSTALL}'
INSTALL_STRIP_PROGRAM='$(install_sh) -c -s'
LDFLAGS=' -L/usr/local/lib'
LIBOBJS=''
LIBS='-lnetcdf -lnetcdf '
LINUX_FALSE=''
LINUX_TRUE='#'
LTLIBOBJS=''
MAKEINFO='${SHELL} /Users/delphicpp/git-repos-spanday/centre/build-aux/missing makeinfo'
MKDIR_P='build-aux/install-sh -c -d'
OBJEXT='o'
OPENMP_CXXFLAGS=''
OSX_FALSE='#'
OSX_TRUE=''
PACKAGE='centre'
PACKAGE_BUGREPORT='shaileshp51@gmail.com'
PACKAGE_NAME='centre'
PACKAGE_STRING='centre 0.1.1'
PACKAGE_TARNAME='centre'
PACKAGE_URL=''
PACKAGE_VERSION='0.1.1'
PATH_SEPARATOR=':'
SET_MAKE=''
SHELL='/bin/sh'
STRIP=''
USE_OMPMPI_FALSE='#'
USE_OMPMPI_TRUE=''
VERSION='0.1.1'
ac_ct_CXX=''
am__EXEEXT_FALSE=''
am__EXEEXT_TRUE='#'
am__fastdepCXX_FALSE='#'
am__fastdepCXX_TRUE=''
am__include='include'
am__isrc=''
am__leading_dot='.'
am__nodep='_no'
am__quote=''
am__tar='$${TAR-tar} chof - "$$tardir"'
am__untar='$${TAR-tar} xf -'
bindir='${exec_prefix}/bin'
build='x86_64-apple-darwin19.6.0'
build_alias=''
build_cpu='x86_64'
build_os='darwin19.6.0'
build_vendor='apple'
datadir='${datarootdir}'
datarootdir='${prefix}/share'
docdir='${datarootdir}/doc/${PACKAGE_TARNAME}'
dvidir='${docdir}'
exec_prefix='${prefix}'
host='x86_64-apple-darwin19.6.0'
host_alias=''
host_cpu='x86_64'
host_os='darwin19.6.0'
host_vendor='apple'
htmldir='${docdir}'
includedir='${prefix}/include'
infodir='${datarootdir}/info'
install_sh='${SHELL} /Users/delphicpp/git-repos-spanday/centre/build-aux/install-sh'
libdir='${exec_prefix}/lib'
libexecdir='${exec_prefix}/libexec'
localedir='${datarootdir}/locale'
localstatedir='${prefix}/var'
mandir='${datarootdir}/man'
mkdir_p='$(MKDIR_P)'
oldincludedir='/usr/include'
pdfdir='${docdir}'
prefix='/Users/delphicpp/git-repos-spanday/centre'
program_transform_name='s,x,x,'
psdir='${docdir}'
sbindir='${exec_prefix}/sbin'
sharedstatedir='${prefix}/com'
sysconfdir='${prefix}/etc'
target_alias=''

## ----------- ##
## confdefs.h. ##
## ----------- ##

/* confdefs.h */
#define PACKAGE_NAME "centre"
#define PACKAGE_TARNAME "centre"
#define PACKAGE_VERSION "0.1.1"
#define PACKAGE_STRING "centre 0.1.1"
#define PACKAGE_BUGREPORT "shaileshp51@gmail.com"
#define PACKAGE_URL ""
#define OS_IS_OSX 1
#define NDEBUG /**/
#define DETAILED_TIMING 1
#define USE_OMPMPI 1
#define HAVE_CXX11 1
#define PACKAGE "centre"
#define VERSION "0.1.1"
#define STDC_HEADERS 1
#define HAVE_SYS_TYPES_H 1
#define HAVE_SYS_STAT_H 1
#define HAVE_STDLIB_H 1
#define HAVE_STRING_H 1
#define HAVE_MEMORY_H 1
#define HAVE_STRINGS_H 1
#define HAVE_INTTYPES_H 1
#define HAVE_STDINT_H 1
#define HAVE_UNISTD_H 1
#define HAVE_MPI_H 1
#define HAVE_NETCDF_H 1
#define HAVE_LIBNETCDF 1

configure: exit 0

## ---------------------- ##
## Running config.status. ##
## ---------------------- ##

This file was extended by centre config.status 0.1.1, which was
generated by GNU Autoconf 2.69.  Invocation command line was

  CONFIG_FILES    = 
  CONFIG_HEADERS  = 
  CONFIG_LINKS    = 
  CONFIG_COMMANDS = 
  $ ./config.status config.h

on Delphis-MBP

config.status:879: creating config.h
config.status:1060: config.h is unchanged
